<?xml version="1.0" encoding="UTF-8"?>
<robot generator="Robot 5.0.1 (Python 3.10.5 on win32)" generated="20220613 16:08:33.807" rpa="false" schemaversion="3">
<suite id="s1" name="Suite" source="C:\Users\Ricardo\Dropbox (Versão anterior)\ProjetoAppiumRobot\suite.robot">
<test id="s1-t1" name="Consultar planta no meu jardim" line="5">
<kw name="Open Application" library="AppiumLibrary">
<arg>http://localhost:4723/wd/hub</arg>
<arg>automationName=UiAutomator2</arg>
<arg>platformName=Android</arg>
<arg>deviceName=Pixel 2 API R</arg>
<arg>app=${EXECDIR}/app/sunflower.apk</arg>
<arg>udid=emulator-5554</arg>
<doc>Opens a new application to given Appium server.
Capabilities of appium server, Android and iOS,
Please check https://github.com/appium/appium/blob/master/docs/en/writing-running-appium/server-args.md
| *Option*            | *Man.* | *Description*     |
| remote_url          | Yes    | Appium server url |
| alias               | no     | alias             |</doc>
<status status="PASS" starttime="20220613 16:08:34.523" endtime="20220613 16:09:03.828"/>
</kw>
<status status="PASS" starttime="20220613 16:08:34.520" endtime="20220613 16:09:03.834"/>
</test>
<test id="s1-t2" name="Dado que consulto o elemento deve esta visivel na tela" line="13">
<kw name="Wait Until Element Is Visible" library="AppiumLibrary">
<arg>accessibility_id=Plant list</arg>
<arg>10</arg>
<doc>Waits until element specified with `locator` is visible.</doc>
<status status="PASS" starttime="20220613 16:09:03.842" endtime="20220613 16:09:04.021"/>
</kw>
<status status="PASS" starttime="20220613 16:09:03.837" endtime="20220613 16:09:04.023"/>
</test>
<test id="s1-t3" name="E quando encontrado o elemento Plant list deve ser clicado" line="16">
<kw name="Click Element" library="AppiumLibrary">
<arg>accessibility_id=Plant list</arg>
<doc>Click element identified by `locator`.</doc>
<msg timestamp="20220613 16:09:04.029" level="INFO">Clicking element 'accessibility_id=Plant list'.</msg>
<status status="PASS" starttime="20220613 16:09:04.026" endtime="20220613 16:09:04.256"/>
</kw>
<status status="PASS" starttime="20220613 16:09:04.025" endtime="20220613 16:09:04.305"/>
</test>
<test id="s1-t4" name="E quando encontrado o elemento imagem lista deve ser clicado" line="19">
<kw name="Wait Until Element Is Visible" library="AppiumLibrary">
<arg>xpath=*//android.widget.ImageView[@content-desc="Picture of plant"][1]</arg>
<arg>10</arg>
<doc>Waits until element specified with `locator` is visible.</doc>
<status status="PASS" starttime="20220613 16:09:04.310" endtime="20220613 16:09:06.234"/>
</kw>
<kw name="Click Element" library="AppiumLibrary">
<arg>xpath=*//android.widget.ImageView[@content-desc="Picture of plant"][1]</arg>
<doc>Click element identified by `locator`.</doc>
<msg timestamp="20220613 16:09:06.240" level="INFO">Clicking element 'xpath=*//android.widget.ImageView[@content-desc="Picture of plant"][1]'.</msg>
<status status="PASS" starttime="20220613 16:09:06.236" endtime="20220613 16:09:06.587"/>
</kw>
<status status="PASS" starttime="20220613 16:09:04.307" endtime="20220613 16:09:06.871"/>
</test>
<test id="s1-t5" name="Quando encontrar elemento deve validar" line="22">
<kw name="Wait Until Element Is Visible" library="AppiumLibrary">
<arg>id=com.google.samples.apps.sunflower:id/plant_description</arg>
<arg>10</arg>
<doc>Waits until element specified with `locator` is visible.</doc>
<status status="PASS" starttime="20220613 16:09:07.422" endtime="20220613 16:09:07.634"/>
</kw>
<kw name="Element Should Be Visible" library="AppiumLibrary">
<arg>xpath=*//android.widget.ImageView[@content-desc="Image of plant"]</arg>
<doc>Verifies that element identified with locator is visible.</doc>
<status status="PASS" starttime="20220613 16:09:07.653" endtime="20220613 16:09:07.794"/>
</kw>
<status status="PASS" starttime="20220613 16:09:07.376" endtime="20220613 16:09:07.797"/>
</test>
<test id="s1-t6" name="E deve clicar elemento para adicionar na lista" line="26">
<kw name="Click Element" library="AppiumLibrary">
<arg>id=com.google.samples.apps.sunflower:id/fab</arg>
<doc>Click element identified by `locator`.</doc>
<msg timestamp="20220613 16:09:07.856" level="INFO">Clicking element 'id=com.google.samples.apps.sunflower:id/fab'.</msg>
<status status="PASS" starttime="20220613 16:09:07.853" endtime="20220613 16:09:07.977"/>
</kw>
<kw name="Click Element" library="AppiumLibrary">
<arg>class=android.widget.ImageButton</arg>
<doc>Click element identified by `locator`.</doc>
<msg timestamp="20220613 16:09:08.005" level="INFO">Clicking element 'class=android.widget.ImageButton'.</msg>
<status status="PASS" starttime="20220613 16:09:08.000" endtime="20220613 16:09:09.158"/>
</kw>
<status status="PASS" starttime="20220613 16:09:07.839" endtime="20220613 16:09:09.233"/>
</test>
<test id="s1-t7" name="Dado que consulto o elemento deve esta visivel na tela" line="30">
<kw name="Wait Until Element Is Visible" library="AppiumLibrary">
<arg>accessibility_id=My garden</arg>
<arg>10</arg>
<doc>Waits until element specified with `locator` is visible.</doc>
<status status="PASS" starttime="20220613 16:09:10.461" endtime="20220613 16:09:10.628"/>
</kw>
<status status="PASS" starttime="20220613 16:09:10.460" endtime="20220613 16:09:10.629"/>
</test>
<test id="s1-t8" name="E quando encontrado o elemento Plant list deve ser clicado" line="33">
<kw name="Click Element" library="AppiumLibrary">
<arg>accessibility_id=My garden</arg>
<doc>Click element identified by `locator`.</doc>
<msg timestamp="20220613 16:09:10.639" level="INFO">Clicking element 'accessibility_id=My garden'.</msg>
<status status="PASS" starttime="20220613 16:09:10.636" endtime="20220613 16:09:10.863"/>
</kw>
<kw name="Element Should Be Visible" library="AppiumLibrary">
<arg>accessibility_id=My garden</arg>
<doc>Verifies that element identified with locator is visible.</doc>
<status status="PASS" starttime="20220613 16:09:10.864" endtime="20220613 16:09:11.817"/>
</kw>
<status status="PASS" starttime="20220613 16:09:10.634" endtime="20220613 16:09:11.818"/>
</test>
<status status="PASS" starttime="20220613 16:08:33.813" endtime="20220613 16:09:11.820"/>
</suite>
<statistics>
<total>
<stat pass="8" fail="0" skip="0">All Tests</stat>
</total>
<tag>
</tag>
<suite>
<stat pass="8" fail="0" skip="0" id="s1" name="Suite">Suite</stat>
</suite>
</statistics>
<errors>
<msg timestamp="20220613 16:09:10.022" level="WARN">Multiple tests with name 'Dado que consulto o elemento deve esta visivel na tela' executed in suite 'Suite'.</msg>
<msg timestamp="20220613 16:09:10.633" level="WARN">Multiple tests with name 'E quando encontrado o elemento Plant list deve ser clicado' executed in suite 'Suite'.</msg>
</errors>
</robot>
